#
# There is insufficient memory for the Java Runtime Environment to continue.
# Native memory allocation (malloc) failed to allocate 1242544 bytes for Chunk::new
# Possible reasons:
#   The system is out of physical RAM or swap space
#   In 32 bit mode, the process size limit was hit
# Possible solutions:
#   Reduce memory load on the system
#   Increase physical memory or swap space
#   Check if swap backing store is full
#   Use 64 bit Java on a 64 bit OS
#   Decrease Java heap size (-Xmx/-Xms)
#   Decrease number of Java threads
#   Decrease Java thread stack sizes (-Xss)
#   Set larger code cache with -XX:ReservedCodeCacheSize=
# This output file may be truncated or incomplete.
#
#  Out of Memory Error (allocation.cpp:390), pid=12172, tid=0x0000000000002588
#
# JRE version: OpenJDK Runtime Environment (8.0_152-b02) (build 1.8.0_152-release-1024-b02)
# Java VM: OpenJDK 64-Bit Server VM (25.152-b02 mixed mode windows-amd64 compressed oops)
# Failed to write core dump. Minidumps are not enabled by default on client versions of Windows
#

---------------  T H R E A D  ---------------

Current thread (0x000000005842f800):  JavaThread "C2 CompilerThread1" daemon [_thread_in_native, id=9608, stack(0x0000000059c40000,0x0000000059d40000)]

Stack: [0x0000000059c40000,0x0000000059d40000]
[error occurred during error reporting (printing stack bounds), id 0xc0000005]

Native frames: (J=compiled Java code, j=interpreted, Vv=VM code, C=native code)


Current CompileTask:
C2:  50965 13828       4       com.android.tools.r8.ir.regalloc.LinearScanRegisterAllocator::allocateSingleInterval (807 bytes)


---------------  P R O C E S S  ---------------

Java Threads: ( => current thread )
  0x000000005ffc1800 JavaThread "ForkJoinPool.commonPool-worker-7" daemon [_thread_blocked, id=8996, stack(0x0000000062d30000,0x0000000062e30000)]
  0x0000000061401000 JavaThread "ForkJoinPool.commonPool-worker-6" daemon [_thread_blocked, id=2828, stack(0x0000000067640000,0x0000000067740000)]
  0x000000005ffc0800 JavaThread "ForkJoinPool.commonPool-worker-5" daemon [_thread_blocked, id=2548, stack(0x0000000067310000,0x0000000067410000)]
  0x0000000061403800 JavaThread "ForkJoinPool.commonPool-worker-4" daemon [_thread_blocked, id=8448, stack(0x0000000067190000,0x0000000067290000)]
  0x00000000613ff800 JavaThread "ForkJoinPool.commonPool-worker-3" daemon [_thread_blocked, id=6580, stack(0x0000000066fb0000,0x00000000670b0000)]
  0x00000000613fe000 JavaThread "ForkJoinPool.commonPool-worker-2" daemon [_thread_blocked, id=8644, stack(0x0000000066e90000,0x0000000066f90000)]
  0x00000000613fe800 JavaThread "ForkJoinPool.commonPool-worker-1" daemon [_thread_blocked, id=10916, stack(0x0000000066c80000,0x0000000066d80000)]
  0x00000000613fd000 JavaThread "Worker Daemon Execution Thread 3" [_thread_blocked, id=8428, stack(0x0000000066340000,0x0000000066440000)]
  0x0000000061401800 JavaThread "Worker Daemon Execution Thread 2" [_thread_blocked, id=11136, stack(0x00000000658f0000,0x00000000659f0000)]
  0x0000000061400000 JavaThread "Worker Daemon Execution" [_thread_blocked, id=6936, stack(0x0000000066b60000,0x0000000066c60000)]
  0x00000000613fc800 JavaThread "Cache worker for Java compile cache (D:\C_extra_folder\AndroidStudioProjects\4.LabsProjects\DriverBehaviourWarning\.gradle\4.4\javaCompile)" [_thread_blocked, id=5892, stack(0x0000000066450000,0x0000000066550000)]
  0x00000000613f9800 JavaThread "Task worker for ':' Thread 7" [_thread_blocked, id=2948, stack(0x0000000065d70000,0x0000000065e70000)]
  0x00000000613f8800 JavaThread "Task worker for ':' Thread 6" [_thread_blocked, id=10204, stack(0x0000000065b30000,0x0000000065c30000)]
  0x00000000613f8000 JavaThread "Task worker for ':' Thread 5" [_thread_blocked, id=11012, stack(0x0000000065c40000,0x0000000065d40000)]
  0x00000000613f7000 JavaThread "Task worker for ':' Thread 4" [_thread_blocked, id=11316, stack(0x0000000065a30000,0x0000000065b30000)]
  0x00000000613f6800 JavaThread "Task worker for ':' Thread 3" [_thread_in_Java, id=6920, stack(0x00000000640a0000,0x00000000641a0000)]
  0x00000000613f5800 JavaThread "Task worker for ':' Thread 2" [_thread_blocked, id=11616, stack(0x0000000063190000,0x0000000063290000)]
  0x00000000613f5000 JavaThread "Task worker for ':'" [_thread_blocked, id=12192, stack(0x00000000657b0000,0x00000000658b0000)]
  0x00000000613f4000 JavaThread "Cache worker for Build Output Cleanup Cache (D:\C_extra_folder\AndroidStudioProjects\4.LabsProjects\DriverBehaviourWarning\.gradle\buildOutputCleanup)" [_thread_blocked, id=9728, stack(0x00000000655b0000,0x00000000656b0000)]
  0x000000005de8b000 JavaThread "Cache worker for task history cache (D:\C_extra_folder\AndroidStudioProjects\4.LabsProjects\DriverBehaviourWarning\.gradle\4.4\taskHistory)" [_thread_blocked, id=5980, stack(0x0000000065430000,0x0000000065530000)]
  0x000000005de8a800 JavaThread "Cache worker for file content cache (D:\C_extra_folder\AndroidStudioProjects\4.LabsProjects\DriverBehaviourWarning\.gradle\4.4\fileContent)" [_thread_blocked, id=1732, stack(0x0000000064200000,0x0000000064300000)]
  0x000000005de87800 JavaThread "Memory manager" [_thread_blocked, id=10340, stack(0x0000000063070000,0x0000000063170000)]
  0x000000005de85000 JavaThread "build operations Thread 8" [_thread_blocked, id=10608, stack(0x0000000061e80000,0x0000000061f80000)]
  0x000000005de84800 JavaThread "build operations Thread 7" [_thread_blocked, id=11688, stack(0x0000000062820000,0x0000000062920000)]
  0x000000005de83800 JavaThread "build operations Thread 6" [_thread_blocked, id=9960, stack(0x00000000626e0000,0x00000000627e0000)]
  0x000000005de83000 JavaThread "build operations Thread 5" [_thread_blocked, id=10872, stack(0x00000000624d0000,0x00000000625d0000)]
  0x000000005de82000 JavaThread "build operations Thread 4" [_thread_blocked, id=12284, stack(0x00000000623c0000,0x00000000624c0000)]
  0x000000005de81800 JavaThread "build operations Thread 3" [_thread_blocked, id=9672, stack(0x0000000062280000,0x0000000062380000)]
  0x000000005de80800 JavaThread "build operations Thread 2" [_thread_blocked, id=9532, stack(0x00000000617e0000,0x00000000618e0000)]
  0x000000005de80000 JavaThread "build operations" [_thread_blocked, id=10780, stack(0x0000000061970000,0x0000000061a70000)]
  0x000000005de7e800 JavaThread "Cache worker for Artifact transforms cache (C:\Users\pengpeng\.gradle\caches\transforms-1)" [_thread_blocked, id=8784, stack(0x000000005ced0000,0x000000005cfd0000)]
  0x000000005d72d000 JavaThread "Cache worker for file hash cache (D:\C_extra_folder\AndroidStudioProjects\4.LabsProjects\DriverBehaviourWarning\.gradle\4.4\fileHashes)" [_thread_blocked, id=9296, stack(0x000000005e100000,0x000000005e200000)]
  0x000000005b6f5000 JavaThread "File lock request listener" [_thread_in_native, id=11552, stack(0x000000005cfe0000,0x000000005d0e0000)]
  0x000000005b708800 JavaThread "Cache worker for file hash cache (C:\Users\pengpeng\.gradle\caches\4.4\fileHashes)" [_thread_blocked, id=11568, stack(0x000000005cd20000,0x000000005ce20000)]
  0x000000005b5ce800 JavaThread "Stdin handler" [_thread_blocked, id=6632, stack(0x000000005c6f0000,0x000000005c7f0000)]
  0x000000005b5d8800 JavaThread "Asynchronous log dispatcher for DefaultDaemonConnection: socket connection from /127.0.0.1:19549 to /127.0.0.1:19550" [_thread_blocked, id=4432, stack(0x000000005c940000,0x000000005ca40000)]
  0x000000005b6d6800 JavaThread "Daemon worker" [_thread_blocked, id=8444, stack(0x000000005c840000,0x000000005c940000)]
  0x000000005b695000 JavaThread "Cancel handler" [_thread_blocked, id=6380, stack(0x000000005c220000,0x000000005c320000)]
  0x000000005b5ae800 JavaThread "Handler for socket connection from /127.0.0.1:19549 to /127.0.0.1:19550" [_thread_in_native, id=6704, stack(0x000000005c3f0000,0x000000005c4f0000)]
  0x000000005b5ad800 JavaThread "Daemon" [_thread_blocked, id=5544, stack(0x0000000059d80000,0x0000000059e80000)]
  0x000000005b589000 JavaThread "Daemon periodic checks" [_thread_blocked, id=3444, stack(0x000000005bb70000,0x000000005bc70000)]
  0x000000005b4a4000 JavaThread "Incoming local TCP Connector on port 19549" [_thread_in_native, id=7964, stack(0x000000005c120000,0x000000005c220000)]
  0x00000000584c0800 JavaThread "Service Thread" daemon [_thread_blocked, id=4988, stack(0x000000005a280000,0x000000005a380000)]
  0x000000005844f000 JavaThread "C1 CompilerThread3" daemon [_thread_blocked, id=11548, stack(0x000000005a030000,0x000000005a130000)]
  0x0000000058436000 JavaThread "C2 CompilerThread2" daemon [_thread_in_native, id=9768, stack(0x0000000059eb0000,0x0000000059fb0000)]
=>0x000000005842f800 JavaThread "C2 CompilerThread1" daemon [_thread_in_native, id=9608, stack(0x0000000059c40000,0x0000000059d40000)]
  0x0000000058415000 JavaThread "C2 CompilerThread0" daemon [_thread_in_native, id=10008, stack(0x0000000059ac0000,0x0000000059bc0000)]
  0x0000000058427800 JavaThread "Attach Listener" daemon [_thread_blocked, id=1164, stack(0x00000000597b0000,0x00000000598b0000)]
  0x0000000058427000 JavaThread "Signal Dispatcher" daemon [_thread_blocked, id=9500, stack(0x0000000059990000,0x0000000059a90000)]
  0x00000000079d2800 JavaThread "Finalizer" daemon [_thread_blocked, id=9240, stack(0x00000000594f0000,0x00000000595f0000)]
  0x00000000583b3000 JavaThread "Reference Handler" daemon [_thread_blocked, id=11432, stack(0x00000000596a0000,0x00000000597a0000)]
  0x000000000274f800 JavaThread "main" [_thread_blocked, id=12232, stack(0x0000000001de0000,0x0000000001ee0000)]

Other Threads:
  0x00000000583b1800 VMThread [stack: 0x00000000593c0000,0x00000000594c0000] [id=7088]
  0x0000000058490800 WatcherThread [stack: 0x000000005a150000,0x000000005a250000] [id=4280]

VM state:not at safepoint (normal execution)

VM Mutex/Monitor currently owned by a thread: None

Heap:
 PSYoungGen      total 467968K, used 47350K [0x00000000e0000000, 0x0000000100000000, 0x0000000100000000)
  eden space 443904K, 5% used [0x00000000e0000000,0x00000000e16c1478,0x00000000fb180000)
  from space 24064K, 99% used [0x00000000fb180000,0x00000000fc8fc768,0x00000000fc900000)
  to   space 31744K, 0% used [0x00000000fe100000,0x00000000fe100000,0x0000000100000000)
 ParOldGen       total 194048K, used 64721K [0x00000000a0000000, 0x00000000abd80000, 0x00000000e0000000)
  object space 194048K, 33% used [0x00000000a0000000,0x00000000a3f34500,0x00000000abd80000)
 Metaspace       used 73597K, capacity 76350K, committed 76544K, reserved 1116160K
  class space    used 9577K, capacity 10186K, committed 10240K, reserved 1048576K

Card table byte_map: [0x0000000002d30000,0x0000000003040000] byte_map_base: 0x0000000002830000

Marking Bits: (ParMarkBitMap*) 0x00000000083d4970
 Begin Bits: [0x0000000003ce0000, 0x00000000054e0000)
 End Bits:   [0x00000000054e0000, 0x0000000006ce0000)

Polling page: 0x0000000000630000

CodeCache: size=245760Kb used=37703Kb max_used=37703Kb free=208056Kb
 bounds [0x0000000008450000, 0x000000000a950000, 0x0000000017450000]
 total_blobs=12834 nmethods=12013 adapters=730
 compilation: enabled

Compilation events (10 events):
Event: 50.914 Thread 0x000000005844f000 14240       2       com.android.tools.r8.code.InstanceOf::collectIndexedItems (6 bytes)
Event: 50.914 Thread 0x000000005844f000 nmethod 14240 0x000000000a949d90 code [0x000000000a949f00, 0x000000000a94a088]
Event: 50.916 Thread 0x000000005844f000 14241       2       com.android.tools.r8.code.IntToFloat::collectIndexedItems (6 bytes)
Event: 50.916 Thread 0x000000005844f000 nmethod 14241 0x000000000a94a150 code [0x000000000a94a2a0, 0x000000000a94a3f0]
Event: 50.920 Thread 0x000000005844f000 14242       2       com.android.tools.r8.code.Format21h::collectIndexedItems (1 bytes)
Event: 50.921 Thread 0x000000005844f000 nmethod 14242 0x000000000a94a490 code [0x000000000a94a5e0, 0x000000000a94a730]
Event: 50.921 Thread 0x000000005844f000 14243       2       com.android.tools.r8.code.SubInt2Addr::collectIndexedItems (6 bytes)
Event: 50.921 Thread 0x000000005844f000 nmethod 14243 0x000000000a94a7d0 code [0x000000000a94a920, 0x000000000a94aa70]
Event: 50.924 Thread 0x000000005844f000 14244       2       com.android.tools.r8.code.Goto16::collectIndexedItems (6 bytes)
Event: 50.924 Thread 0x000000005844f000 nmethod 14244 0x000000000a94ab10 code [0x000000000a94ac60, 0x000000000a94adb0]

GC Heap History (10 events):
Event: 40.019 GC heap before
{Heap before GC invocations=12 (full 3):
 PSYoungGen      total 227840K, used 10126K [0x00000000e0000000, 0x00000000f5380000, 0x0000000100000000)
  eden space 204800K, 0% used [0x00000000e0000000,0x00000000e0000000,0x00000000ec800000)
  from space 23040K, 43% used [0x00000000ec800000,0x00000000ed1e3b48,0x00000000ede80000)
  to   space 22528K, 0% used [0x00000000f3d80000,0x00000000f3d80000,0x00000000f5380000)
 ParOldGen       total 165376K, used 33287K [0x00000000a0000000, 0x00000000aa180000, 0x00000000e0000000)
  object space 165376K, 20% used [0x00000000a0000000,0x00000000a2081f88,0x00000000aa180000)
 Metaspace       used 57254K, capacity 58922K, committed 59028K, reserved 1099776K
  class space    used 7725K, capacity 8120K, committed 8192K, reserved 1048576K
Event: 40.188 GC heap after
Heap after GC invocations=12 (full 3):
 PSYoungGen      total 227840K, used 0K [0x00000000e0000000, 0x00000000f5380000, 0x0000000100000000)
  eden space 204800K, 0% used [0x00000000e0000000,0x00000000e0000000,0x00000000ec800000)
  from space 23040K, 0% used [0x00000000ec800000,0x00000000ec800000,0x00000000ede80000)
  to   space 22528K, 0% used [0x00000000f3d80000,0x00000000f3d80000,0x00000000f5380000)
 ParOldGen       total 194048K, used 31636K [0x00000000a0000000, 0x00000000abd80000, 0x00000000e0000000)
  object space 194048K, 16% used [0x00000000a0000000,0x00000000a1ee5130,0x00000000abd80000)
 Metaspace       used 57254K, capacity 58922K, committed 59028K, reserved 1099776K
  class space    used 7725K, capacity 8120K, committed 8192K, reserved 1048576K
}
Event: 45.360 GC heap before
{Heap before GC invocations=13 (full 3):
 PSYoungGen      total 227840K, used 204800K [0x00000000e0000000, 0x00000000f5380000, 0x0000000100000000)
  eden space 204800K, 100% used [0x00000000e0000000,0x00000000ec800000,0x00000000ec800000)
  from space 23040K, 0% used [0x00000000ec800000,0x00000000ec800000,0x00000000ede80000)
  to   space 22528K, 0% used [0x00000000f3d80000,0x00000000f3d80000,0x00000000f5380000)
 ParOldGen       total 194048K, used 31647K [0x00000000a0000000, 0x00000000abd80000, 0x00000000e0000000)
  object space 194048K, 16% used [0x00000000a0000000,0x00000000a1ee7e80,0x00000000abd80000)
 Metaspace       used 64516K, capacity 66500K, committed 66688K, reserved 1107968K
  class space    used 8537K, capacity 9017K, committed 9088K, reserved 1048576K
Event: 45.388 GC heap after
Heap after GC invocations=13 (full 3):
 PSYoungGen      total 324608K, used 16211K [0x00000000e0000000, 0x00000000f5880000, 0x0000000100000000)
  eden space 302080K, 0% used [0x00000000e0000000,0x00000000e0000000,0x00000000f2700000)
  from space 22528K, 71% used [0x00000000f3d80000,0x00000000f4d54d58,0x00000000f5380000)
  to   space 23040K, 0% used [0x00000000f2700000,0x00000000f2700000,0x00000000f3d80000)
 ParOldGen       total 194048K, used 31663K [0x00000000a0000000, 0x00000000abd80000, 0x00000000e0000000)
  object space 194048K, 16% used [0x00000000a0000000,0x00000000a1eebe80,0x00000000abd80000)
 Metaspace       used 64516K, capacity 66500K, committed 66688K, reserved 1107968K
  class space    used 8537K, capacity 9017K, committed 9088K, reserved 1048576K
}
Event: 47.205 GC heap before
{Heap before GC invocations=14 (full 3):
 PSYoungGen      total 324608K, used 318291K [0x00000000e0000000, 0x00000000f5880000, 0x0000000100000000)
  eden space 302080K, 100% used [0x00000000e0000000,0x00000000f2700000,0x00000000f2700000)
  from space 22528K, 71% used [0x00000000f3d80000,0x00000000f4d54d58,0x00000000f5380000)
  to   space 23040K, 0% used [0x00000000f2700000,0x00000000f2700000,0x00000000f3d80000)
 ParOldGen       total 194048K, used 31665K [0x00000000a0000000, 0x00000000abd80000, 0x00000000e0000000)
  object space 194048K, 16% used [0x00000000a0000000,0x00000000a1eec730,0x00000000abd80000)
 Metaspace       used 72662K, capacity 75300K, committed 75392K, reserved 1114112K
  class space    used 9515K, capacity 10093K, committed 10112K, reserved 1048576K
Event: 47.248 GC heap after
Heap after GC invocations=14 (full 3):
 PSYoungGen      total 325120K, used 17199K [0x00000000e0000000, 0x00000000fe300000, 0x0000000100000000)
  eden space 302080K, 0% used [0x00000000e0000000,0x00000000e0000000,0x00000000f2700000)
  from space 23040K, 74% used [0x00000000f2700000,0x00000000f37cbe58,0x00000000f3d80000)
  to   space 23552K, 0% used [0x00000000fcc00000,0x00000000fcc00000,0x00000000fe300000)
 ParOldGen       total 194048K, used 45237K [0x00000000a0000000, 0x00000000abd80000, 0x00000000e0000000)
  object space 194048K, 23% used [0x00000000a0000000,0x00000000a2c2d538,0x00000000abd80000)
 Metaspace       used 72662K, capacity 75300K, committed 75392K, reserved 1114112K
  class space    used 9515K, capacity 10093K, committed 10112K, reserved 1048576K
}
Event: 48.111 GC heap before
{Heap before GC invocations=15 (full 3):
 PSYoungGen      total 325120K, used 319279K [0x00000000e0000000, 0x00000000fe300000, 0x0000000100000000)
  eden space 302080K, 100% used [0x00000000e0000000,0x00000000f2700000,0x00000000f2700000)
  from space 23040K, 74% used [0x00000000f2700000,0x00000000f37cbe58,0x00000000f3d80000)
  to   space 23552K, 0% used [0x00000000fcc00000,0x00000000fcc00000,0x00000000fe300000)
 ParOldGen       total 194048K, used 45237K [0x00000000a0000000, 0x00000000abd80000, 0x00000000e0000000)
  object space 194048K, 23% used [0x00000000a0000000,0x00000000a2c2d538,0x00000000abd80000)
 Metaspace       used 72825K, capacity 75488K, committed 75776K, reserved 1114112K
  class space    used 9519K, capacity 10125K, committed 10240K, reserved 1048576K
Event: 48.136 GC heap after
Heap after GC invocations=15 (full 3):
 PSYoungGen      total 464896K, used 3908K [0x00000000e0000000, 0x00000000fe080000, 0x0000000100000000)
  eden space 443904K, 0% used [0x00000000e0000000,0x00000000e0000000,0x00000000fb180000)
  from space 20992K, 18% used [0x00000000fcc00000,0x00000000fcfd1180,0x00000000fe080000)
  to   space 24064K, 0% used [0x00000000fb180000,0x00000000fb180000,0x00000000fc900000)
 ParOldGen       total 194048K, used 53481K [0x00000000a0000000, 0x00000000abd80000, 0x00000000e0000000)
  object space 194048K, 27% used [0x00000000a0000000,0x00000000a343a570,0x00000000abd80000)
 Metaspace       used 72825K, capacity 75488K, committed 75776K, reserved 1114112K
  class space    used 9519K, capacity 10125K, committed 10240K, reserved 1048576K
}
Event: 50.441 GC heap before
{Heap before GC invocations=16 (full 3):
 PSYoungGen      total 464896K, used 447812K [0x00000000e0000000, 0x00000000fe080000, 0x0000000100000000)
  eden space 443904K, 100% used [0x00000000e0000000,0x00000000fb180000,0x00000000fb180000)
  from space 20992K, 18% used [0x00000000fcc00000,0x00000000fcfd1180,0x00000000fe080000)
  to   space 24064K, 0% used [0x00000000fb180000,0x00000000fb180000,0x00000000fc900000)
 ParOldGen       total 194048K, used 53481K [0x00000000a0000000, 0x00000000abd80000, 0x00000000e0000000)
  object space 194048K, 27% used [0x00000000a0000000,0x00000000a343a570,0x00000000abd80000)
 Metaspace       used 73573K, capacity 76350K, committed 76544K, reserved 1116160K
  class space    used 9577K, capacity 10186K, committed 10240K, reserved 1048576K
Event: 50.526 GC heap after
Heap after GC invocations=16 (full 3):
 PSYoungGen      total 467968K, used 24049K [0x00000000e0000000, 0x0000000100000000, 0x0000000100000000)
  eden space 443904K, 0% used [0x00000000e0000000,0x00000000e0000000,0x00000000fb180000)
  from space 24064K, 99% used [0x00000000fb180000,0x00000000fc8fc768,0x00000000fc900000)
  to   space 31744K, 0% used [0x00000000fe100000,0x00000000fe100000,0x0000000100000000)
 ParOldGen       total 194048K, used 64721K [0x00000000a0000000, 0x00000000abd80000, 0x00000000e0000000)
  object space 194048K, 33% used [0x00000000a0000000,0x00000000a3f34500,0x00000000abd80000)
 Metaspace       used 73573K, capacity 76350K, committed 76544K, reserved 1116160K
  class space    used 9577K, capacity 10186K, committed 10240K, reserved 1048576K
}

Deoptimization events (10 events):
Event: 47.498 Thread 0x000000005ffc1800 Uncommon trap: reason=unstable_if action=reinterpret pc=0x00000000098b197c method=com.android.tools.r8.graph.DexString.decode()Ljava/lang/String; @ 71
Event: 48.194 Thread 0x0000000061403800 Uncommon trap: reason=unstable_if action=reinterpret pc=0x000000000a59a154 method=com.android.tools.r8.ir.regalloc.LinearScanRegisterAllocator.allocateSingleInterval(Lcom/android/tools/r8/ir/regalloc/LiveIntervals;Lcom/android/tools/r8/ir/regalloc/LinearS
Event: 48.538 Thread 0x0000000061403800 Uncommon trap: reason=bimorphic action=maybe_recompile pc=0x0000000008a8d2f8 method=com.android.tools.r8.ir.analysis.constant.SparseConditionalConstantPropagation.visitPhi(Lcom/android/tools/r8/ir/code/Phi;)V @ 93
Event: 48.538 Thread 0x0000000061403800 Uncommon trap: reason=bimorphic action=maybe_recompile pc=0x0000000008a8d2f8 method=com.android.tools.r8.ir.analysis.constant.SparseConditionalConstantPropagation.visitPhi(Lcom/android/tools/r8/ir/code/Phi;)V @ 93
Event: 48.538 Thread 0x0000000061403800 Uncommon trap: reason=bimorphic action=maybe_recompile pc=0x0000000008a8d2f8 method=com.android.tools.r8.ir.analysis.constant.SparseConditionalConstantPropagation.visitPhi(Lcom/android/tools/r8/ir/code/Phi;)V @ 93
Event: 48.746 Thread 0x00000000613fe000 Uncommon trap: reason=unstable_if action=reinterpret pc=0x000000000a6ff590 method=com.android.tools.r8.ir.code.Instruction.replaceDebugValue(Lcom/android/tools/r8/ir/code/Value;Lcom/android/tools/r8/ir/code/Value;)V @ 17
Event: 48.994 Thread 0x00000000613fe800 Uncommon trap: reason=unstable_if action=reinterpret pc=0x000000000a715f00 method=java.util.concurrent.ConcurrentHashMap.computeIfAbsent(Ljava/lang/Object;Ljava/util/function/Function;)Ljava/lang/Object; @ 281
Event: 50.185 Thread 0x000000005ffc1800 Uncommon trap: reason=unstable_if action=reinterpret pc=0x000000000909ba30 method=java.util.Arrays.hashCode([Ljava/lang/Object;)I @ 1
Event: 50.610 Thread 0x000000005ffc0800 Uncommon trap: reason=unstable_if action=reinterpret pc=0x000000000891a780 method=com.android.tools.r8.utils.IdentifierUtils.isSimpleNameChar(C)Z @ 51
Event: 50.611 Thread 0x000000005ffc0800 Uncommon trap: reason=unstable_if action=reinterpret pc=0x0000000009a7dc10 method=java.util.concurrent.ConcurrentLinkedQueue.offer(Ljava/lang/Object;)Z @ 91

Classes redefined (0 events):
No events

Internal exceptions (10 events):
Event: 48.525 Thread 0x0000000061401000 Exception <a 'sun/nio/fs/WindowsException'> (0x00000000e8e946f8) thrown at [D:\src\AOSP-openjdk-cygwin\jdk8u\hotspot\src\share\vm\prims\jni.cpp, line 709]
Event: 48.533 Thread 0x00000000613fe800 Exception <a 'sun/nio/fs/WindowsException'> (0x00000000e90c59d0) thrown at [D:\src\AOSP-openjdk-cygwin\jdk8u\hotspot\src\share\vm\prims\jni.cpp, line 709]
Event: 48.535 Thread 0x0000000061403800 Exception <a 'sun/nio/fs/WindowsException'> (0x00000000e9030278) thrown at [D:\src\AOSP-openjdk-cygwin\jdk8u\hotspot\src\share\vm\prims\jni.cpp, line 709]
Event: 48.549 Thread 0x00000000613fe800 Exception <a 'sun/nio/fs/WindowsException'> (0x00000000e97eb1c8) thrown at [D:\src\AOSP-openjdk-cygwin\jdk8u\hotspot\src\share\vm\prims\jni.cpp, line 709]
Event: 48.552 Thread 0x0000000061403800 Exception <a 'sun/nio/fs/WindowsException'> (0x00000000e992f828) thrown at [D:\src\AOSP-openjdk-cygwin\jdk8u\hotspot\src\share\vm\prims\jni.cpp, line 709]
Event: 48.559 Thread 0x000000005ffc1800 Exception <a 'sun/nio/fs/WindowsException'> (0x00000000e9a990d0) thrown at [D:\src\AOSP-openjdk-cygwin\jdk8u\hotspot\src\share\vm\prims\jni.cpp, line 709]
Event: 48.560 Thread 0x0000000061403800 Exception <a 'sun/nio/fs/WindowsException'> (0x00000000e996edb0) thrown at [D:\src\AOSP-openjdk-cygwin\jdk8u\hotspot\src\share\vm\prims\jni.cpp, line 709]
Event: 48.746 Thread 0x00000000613fe000 Implicit null exception at 0x000000000a6fbe39 to 0x000000000a6ff565
Event: 50.002 Thread 0x00000000613f6800 Exception <a 'sun/nio/fs/WindowsException'> (0x00000000f81193f8) thrown at [D:\src\AOSP-openjdk-cygwin\jdk8u\hotspot\src\share\vm\prims\jni.cpp, line 709]
Event: 50.185 Thread 0x000000005ffc1800 Implicit null exception at 0x000000000909b92f to 0x000000000909ba21

Events (10 events):
Event: 50.619 Thread 0x00000000613f6800 DEOPT PACKING pc=0x000000000a52e0b2 sp=0x000000006419c630
Event: 50.619 Thread 0x00000000613f6800 DEOPT UNPACKING pc=0x00000000084975d0 sp=0x000000006419c3b8 mode 0
Event: 50.619 Thread 0x00000000613f6800 DEOPT PACKING pc=0x000000000a52e0b2 sp=0x000000006419c630
Event: 50.619 Thread 0x00000000613f6800 DEOPT UNPACKING pc=0x00000000084975d0 sp=0x000000006419c3b8 mode 0
Event: 50.621 Executing VM operation: RevokeBias
Event: 50.622 Executing VM operation: RevokeBias done
Event: 50.638 Thread 0x00000000613f6800 DEOPT PACKING pc=0x000000000a52e0b2 sp=0x000000006419c5b0
Event: 50.638 Thread 0x00000000613f6800 DEOPT UNPACKING pc=0x00000000084975d0 sp=0x000000006419c338 mode 0
Event: 50.638 Thread 0x00000000613f6800 DEOPT PACKING pc=0x000000000a52e09b sp=0x000000006419c5b0
Event: 50.638 Thread 0x00000000613f6800 DEOPT UNPACKING pc=0x00000000084975d0 sp=0x000000006419c338 mode 0


Dynamic libraries:
0x000000013fa10000 - 0x000000013fa41000 	C:\Program Files\Android\Android Studio\jre\bin\java.exe
0x00000000773d0000 - 0x000000007756f000 	C:\Windows\SYSTEM32\ntdll.dll
0x00000000771b0000 - 0x00000000772cf000 	C:\Windows\system32\kernel32.dll
0x000007fefd350000 - 0x000007fefd3ba000 	C:\Windows\system32\KERNELBASE.dll
0x000007fefded0000 - 0x000007fefdfab000 	C:\Windows\system32\ADVAPI32.dll
0x000007feff320000 - 0x000007feff3bf000 	C:\Windows\system32\msvcrt.dll
0x000007fefdfb0000 - 0x000007fefdfcf000 	C:\Windows\SYSTEM32\sechost.dll
0x000007fefdc80000 - 0x000007fefddad000 	C:\Windows\system32\RPCRT4.dll
0x00000000772d0000 - 0x00000000773ca000 	C:\Windows\system32\USER32.dll
0x000007fefe440000 - 0x000007fefe4a7000 	C:\Windows\system32\GDI32.dll
0x000007fefdc70000 - 0x000007fefdc7e000 	C:\Windows\system32\LPK.dll
0x000007fefdba0000 - 0x000007fefdc6b000 	C:\Windows\system32\USP10.dll
0x000007fefb4c0000 - 0x000007fefb6b4000 	C:\Windows\WinSxS\amd64_microsoft.windows.common-controls_6595b64144ccf1df_6.0.7601.18837_none_fa3b1e3d17594757\COMCTL32.dll
0x000007fefddb0000 - 0x000007fefde21000 	C:\Windows\system32\SHLWAPI.dll
0x000007fefdb70000 - 0x000007fefdb9e000 	C:\Windows\system32\IMM32.DLL
0x000007fefd460000 - 0x000007fefd569000 	C:\Windows\system32\MSCTF.dll
0x0000000058160000 - 0x0000000058232000 	C:\Program Files\Android\Android Studio\jre\jre\bin\msvcr100.dll
0x0000000007c10000 - 0x000000000844f000 	C:\Program Files\Android\Android Studio\jre\jre\bin\server\jvm.dll
0x000007fef1aa0000 - 0x000007fef1aa9000 	C:\Windows\system32\WSOCK32.dll
0x000007feff3f0000 - 0x000007feff43d000 	C:\Windows\system32\WS2_32.dll
0x000007feff3e0000 - 0x000007feff3e8000 	C:\Windows\system32\NSI.dll
0x000007fefa9d0000 - 0x000007fefaa0b000 	C:\Windows\system32\WINMM.dll
0x000007fefc2d0000 - 0x000007fefc2dc000 	C:\Windows\system32\VERSION.dll
0x0000000077580000 - 0x0000000077587000 	C:\Windows\system32\PSAPI.DLL
0x000007fefacc0000 - 0x000007fefaccf000 	C:\Program Files\Android\Android Studio\jre\jre\bin\verify.dll
0x000007fefa7a0000 - 0x000007fefa7c9000 	C:\Program Files\Android\Android Studio\jre\jre\bin\java.dll
0x000007fefa780000 - 0x000007fefa796000 	C:\Program Files\Android\Android Studio\jre\jre\bin\zip.dll
0x000007fefe4b0000 - 0x000007feff23b000 	C:\Windows\system32\SHELL32.dll
0x000007fefe240000 - 0x000007fefe43d000 	C:\Windows\system32\ole32.dll
0x000007fefd0a0000 - 0x000007fefd0af000 	C:\Windows\system32\profapi.dll
0x000007fefa760000 - 0x000007fefa77a000 	C:\Program Files\Android\Android Studio\jre\jre\bin\net.dll
0x000007fefc840000 - 0x000007fefc895000 	C:\Windows\system32\mswsock.dll
0x000007fefc830000 - 0x000007fefc837000 	C:\Windows\System32\wship6.dll
0x000007fefa740000 - 0x000007fefa751000 	C:\Program Files\Android\Android Studio\jre\jre\bin\nio.dll
0x000007feed1a0000 - 0x000007feed1be000 	C:\Users\pengpeng\.gradle\native\25\windows-amd64\native-platform.dll
0x000007fefa700000 - 0x000007fefa70d000 	C:\Program Files\Android\Android Studio\jre\jre\bin\management.dll
0x000007fefc8a0000 - 0x000007fefc8b8000 	C:\Windows\system32\CRYPTSP.dll
0x000007fefc5a0000 - 0x000007fefc5e7000 	C:\Windows\system32\rsaenh.dll
0x000007fefd3c0000 - 0x000007fefd3de000 	C:\Windows\system32\USERENV.dll
0x000007fefcf40000 - 0x000007fefcf4f000 	C:\Windows\system32\CRYPTBASE.dll
0x000007fefa4c0000 - 0x000007fefa4e7000 	C:\Windows\system32\IPHLPAPI.DLL
0x000007fefa4b0000 - 0x000007fefa4bb000 	C:\Windows\system32\WINNSI.DLL
0x000007fefa2a0000 - 0x000007fefa2b1000 	C:\Windows\system32\dhcpcsvc6.DLL
0x000007fefa280000 - 0x000007fefa298000 	C:\Windows\system32\dhcpcsvc.DLL
0x000007fefcee0000 - 0x000007fefcf37000 	C:\Windows\system32\apphelp.dll

VM Arguments:
jvm_args: -Xmx1536m -Dfile.encoding=GBK -Duser.country=CN -Duser.language=zh -Duser.variant 
java_command: org.gradle.launcher.daemon.bootstrap.GradleDaemon 4.4
java_class_path (initial): C:\Users\pengpeng\.gradle\wrapper\dists\gradle-4.4-all\9br9xq1tocpiv8o6njlyu5op1\gradle-4.4\lib\gradle-launcher-4.4.jar
Launcher Type: SUN_STANDARD

Environment Variables:
JAVA_HOME=C:\Program Files\Java\jdk1.8.0_131
CLASSPATH=.;C:\Program Files\Java\jdk1.8.0_131\lib;C:\Program Files\Java\jdk1.8.0_131\lib\tools.jar
PATH=E:\NetSarang\Xshell 6\;C:\Program Files (x86)\Keil MDK\ARM\Segger;E:\OpenCV\opencv\build\x86\vc14\bin;E:\OpenCV\opencv\build\x64\vc14\bin;D:\C_extra_folder\Eclipse\Android SDK\platform-tools;C:\ProgramData\Oracle\Java\javapath;C:\MinGW\bin;C:\Program Files\Java\jre1.8.0_131\bin;C:\Program Files\Java\jdk1.8.0_131\bin;C:\Program Files\Java\jdk1.8.0_131\jre\bin;C:\Windows\system32;C:\Windows;C:\Windows\System32\Wbem;C:\Windows\System32\WindowsPowerShell\v1.0\;C:\Program Files (x86)\NVIDIA Corporation\PhysX\Common;C:\Program Files\MATLAB\R2014a\runtime\win64;C:\Program Files\MATLAB\R2014a\bin;C:\Program Files\MATLAB\R2014a\polyspace\bin;C:\Program Files\Microsoft SQL Server\110\Tools\Binn\;C:\Program Files\Git\cmd;C:\Program Files\Microsoft SQL Server\120\Tools\Binn\;C:\Program Files (x86)\Windows Kits\10\Windows Performance Toolkit\;C:\Program Files\Microsoft SQL Server\110\DTS\Binn\;C:\Program Files (x86)\Microsoft SQL Server\110\Tools\Binn\;C:\Program Files (x86)\Microsoft SQL Server\110\Tools\Binn\ManagementStudio\;C:\Program Files (x86)\Microsoft Visual Studio 10.0\Common7\IDE\PrivateAssemblies\;C:\Program Files (x86)\Microsoft SQL Server\110\DTS\Binn\;D:\C_extra_folder\MyEclipseProject\MavenSet\apache-maven-3.6.0\bin;C:\Program Files\MySQL\MySQL Server 5.5\bin;E:\MySQL\MySQL Server 5.5\bin;E:\anaconda3;E:\anaconda3\Library\mingw-w64\bin;E:\anaconda3\Library\usr\bin;E:\anaconda3\Library\bin;E:\anaconda3\Scripts;C:\Users\pengpeng\AppData\Local\Programs\Python\Python36-32\Scripts\;C:\Users\pengpeng\AppData\Local\Programs\Python\Python36-32\;D:\C_extra_folder\MyEclipseProject\MavenSet\apache-maven-3.6.0\bin;;E:\JetBrains\IntelliJ IDEA 2018.3.2\bin;
USERNAME=pengpeng
OS=Windows_NT
PROCESSOR_IDENTIFIER=Intel64 Family 6 Model 60 Stepping 3, GenuineIntel



---------------  S Y S T E M  ---------------

OS: Windows 7 , 64 bit Build 7601 (6.1.7601.24150)

CPU:total 8 (initial active 8) (4 cores per cpu, 2 threads per core) family 6 model 60 stepping 3, cmov, cx8, fxsr, mmx, sse, sse2, sse3, ssse3, sse4.1, sse4.2, popcnt, avx, avx2, aes, clmul, erms, rtm, lzcnt, ht, tsc, tscinvbit, bmi1, bmi2

Memory: 4k page, physical 16742156k(7496676k free), swap 16740280k(6296k free)

vm_info: OpenJDK 64-Bit Server VM (25.152-b02) for windows-amd64 JRE (1.8.0_152-release-1024-b02), built by "builder" with MS VC++ 10.0 (VS2010)

time: Tue May 28 17:35:30 2019
elapsed time: 50 seconds (0d 0h 0m 50s)

